{"level":"info","message":"Bull/BullMQ initialized","timestamp":"2025-07-03 15:39:43"}
{"level":"info","message":"Job queue, webhook queue, and scheduler queue created","timestamp":"2025-07-03 15:39:43"}
{"level":"info","message":"Express app initialized with middleware","timestamp":"2025-07-03 15:39:43"}
{"level":"info","message":"API Documentation available at /api-docs","timestamp":"2025-07-03 15:39:43"}
{"level":"info","message":"Socket.IO server initialized","timestamp":"2025-07-03 15:39:43"}
{"level":"info","message":"All routes registered successfully","timestamp":"2025-07-03 15:39:43"}
{"level":"info","message":"Initializing event handlers...","timestamp":"2025-07-03 15:39:43"}
{"level":"info","message":"Job events initialized","timestamp":"2025-07-03 15:39:43"}
{"level":"info","message":"Socket events initialized","timestamp":"2025-07-03 15:39:43"}
{"level":"info","message":"All event handlers initialized","timestamp":"2025-07-03 15:39:43"}
{"level":"info","message":"Initializing workers...","timestamp":"2025-07-03 15:39:43"}
{"level":"info","message":"Webhook worker initialized","timestamp":"2025-07-03 15:39:43"}
{"level":"info","message":"Scheduler worker initialized","timestamp":"2025-07-03 15:39:43"}
{"level":"info","message":"All workers initialized","timestamp":"2025-07-03 15:39:43"}
{"level":"info","message":"Server running on port 4000","timestamp":"2025-07-03 15:39:43"}
{"level":"info","message":"Bull Board UI available at http://localhost:4000/admin","timestamp":"2025-07-03 15:39:43"}
{"level":"info","message":"Socket.IO server ready for real-time job notifications","timestamp":"2025-07-03 15:39:43"}
{"level":"info","message":"Scheduler worker is ready","timestamp":"2025-07-03 15:39:43"}
{"level":"info","message":"SIGINT received, shutting down gracefully","timestamp":"2025-07-03 15:50:28"}
{"level":"info","message":"Bull/BullMQ initialized","timestamp":"2025-07-03 15:50:31"}
{"level":"info","message":"Job queue, webhook queue, and scheduler queue created","timestamp":"2025-07-03 15:50:31"}
{"level":"info","message":"Express app initialized with middleware","timestamp":"2025-07-03 15:50:31"}
{"level":"info","message":"API Documentation available at /api-docs","timestamp":"2025-07-03 15:50:31"}
{"level":"info","message":"Socket.IO server initialized","timestamp":"2025-07-03 15:50:31"}
{"level":"info","message":"All routes registered successfully","timestamp":"2025-07-03 15:50:31"}
{"level":"info","message":"Initializing event handlers...","timestamp":"2025-07-03 15:50:31"}
{"level":"info","message":"Job events initialized","timestamp":"2025-07-03 15:50:31"}
{"level":"info","message":"Socket events initialized","timestamp":"2025-07-03 15:50:31"}
{"level":"info","message":"All event handlers initialized","timestamp":"2025-07-03 15:50:31"}
{"level":"info","message":"Initializing workers...","timestamp":"2025-07-03 15:50:31"}
{"level":"info","message":"Webhook worker initialized","timestamp":"2025-07-03 15:50:31"}
{"level":"info","message":"Scheduler worker initialized","timestamp":"2025-07-03 15:50:31"}
{"level":"info","message":"All workers initialized","timestamp":"2025-07-03 15:50:31"}
{"level":"info","message":"Server running on port 4000","timestamp":"2025-07-03 15:50:31"}
{"level":"info","message":"Bull Board UI available at http://localhost:4000/admin","timestamp":"2025-07-03 15:50:31"}
{"level":"info","message":"Socket.IO server ready for real-time job notifications","timestamp":"2025-07-03 15:50:31"}
{"level":"info","message":"Scheduler worker is ready","timestamp":"2025-07-03 15:50:31"}
{"level":"info","message":"GET /jobs route hit","timestamp":"2025-07-03 15:52:24"}
{"level":"info","message":"GET /jobs/schedule route hit","timestamp":"2025-07-03 15:52:53"}
{"level":"info","message":"Getting scheduled jobs for user 1","timestamp":"2025-07-03 15:52:53"}
{"level":"info","message":"Filtered 3 schedulers for user 1","timestamp":"2025-07-03 15:52:53"}
{"level":"info","message":"/jobs/schedule : Found 3 jobs scheduled for user 1","timestamp":"2025-07-03 15:52:53"}
{"level":"info","message":"schedulerService : Scheduling job: (dataExport) for user (1)","timestamp":"2025-07-03 15:53:27"}
{"level":"info","message":"Job scheduled: 1-dataExport-1751583207957","timestamp":"2025-07-03 15:53:27"}
{"level":"info","message":"Getting scheduled job 1-dataExport-1751583207957","timestamp":"2025-07-03 15:54:09"}
{"level":"info","message":"Removing scheduled job 1-dataExport-1751583207957","timestamp":"2025-07-03 15:54:21"}
{"level":"info","message":"Getting scheduled job 1-dataExport-1751583207957","timestamp":"2025-07-03 15:54:21"}
{"level":"info","message":"Scheduled job 1-dataExport-1751583207957 removed","timestamp":"2025-07-03 15:54:21"}
{"level":"info","message":"SIGINT received, shutting down gracefully","timestamp":"2025-07-03 16:03:11"}
{"level":"info","message":"Bull/BullMQ initialized","timestamp":"2025-07-03 16:03:15"}
{"level":"info","message":"Job queue, webhook queue, and scheduler queue created","timestamp":"2025-07-03 16:03:15"}
{"level":"info","message":"Express app initialized with middleware","timestamp":"2025-07-03 16:03:15"}
{"level":"info","message":"API Documentation available at /api-docs","timestamp":"2025-07-03 16:03:15"}
{"level":"info","message":"Socket.IO server initialized","timestamp":"2025-07-03 16:03:15"}
{"level":"info","message":"All routes registered successfully","timestamp":"2025-07-03 16:03:15"}
{"level":"info","message":"Initializing event handlers...","timestamp":"2025-07-03 16:03:15"}
{"level":"info","message":"Job events initialized","timestamp":"2025-07-03 16:03:15"}
{"level":"info","message":"Socket events initialized","timestamp":"2025-07-03 16:03:15"}
{"level":"info","message":"All event handlers initialized","timestamp":"2025-07-03 16:03:15"}
{"level":"info","message":"Initializing workers...","timestamp":"2025-07-03 16:03:15"}
{"level":"info","message":"Webhook worker initialized","timestamp":"2025-07-03 16:03:15"}
{"level":"info","message":"Scheduler worker initialized","timestamp":"2025-07-03 16:03:15"}
{"level":"info","message":"All workers initialized","timestamp":"2025-07-03 16:03:15"}
{"level":"info","message":"Server running on port 4000","timestamp":"2025-07-03 16:03:15"}
{"level":"info","message":"Bull Board UI available at http://localhost:4000/admin","timestamp":"2025-07-03 16:03:15"}
{"level":"info","message":"Socket.IO server ready for real-time job notifications","timestamp":"2025-07-03 16:03:15"}
{"level":"info","message":"Scheduler worker is ready","timestamp":"2025-07-03 16:03:15"}
{"level":"info","message":"SIGINT received, shutting down gracefully","timestamp":"2025-07-03 16:04:08"}
{"level":"info","message":"Bull/BullMQ initialized","timestamp":"2025-07-03 16:04:11"}
{"level":"info","message":"Job queue, webhook queue, and scheduler queue created","timestamp":"2025-07-03 16:04:11"}
{"level":"info","message":"Express app initialized with middleware","timestamp":"2025-07-03 16:04:11"}
{"level":"info","message":"API Documentation available at /api-docs","timestamp":"2025-07-03 16:04:11"}
{"level":"info","message":"Socket.IO server initialized","timestamp":"2025-07-03 16:04:11"}
{"level":"info","message":"All routes registered successfully","timestamp":"2025-07-03 16:04:11"}
{"level":"info","message":"Initializing event handlers...","timestamp":"2025-07-03 16:04:11"}
{"level":"info","message":"Job events initialized","timestamp":"2025-07-03 16:04:11"}
{"level":"info","message":"Socket events initialized","timestamp":"2025-07-03 16:04:11"}
{"level":"info","message":"All event handlers initialized","timestamp":"2025-07-03 16:04:11"}
{"level":"info","message":"Initializing workers...","timestamp":"2025-07-03 16:04:11"}
{"level":"info","message":"Webhook worker initialized","timestamp":"2025-07-03 16:04:11"}
{"level":"info","message":"Scheduler worker initialized","timestamp":"2025-07-03 16:04:11"}
{"level":"info","message":"All workers initialized","timestamp":"2025-07-03 16:04:11"}
{"level":"info","message":"Server running on port 4000","timestamp":"2025-07-03 16:04:11"}
{"level":"info","message":"Bull Board UI available at http://localhost:4000/admin","timestamp":"2025-07-03 16:04:11"}
{"level":"info","message":"Socket.IO server ready for real-time job notifications","timestamp":"2025-07-03 16:04:11"}
{"level":"info","message":"Scheduler worker is ready","timestamp":"2025-07-03 16:04:11"}
{"level":"info","message":"/submit REQUESTED BY: {\"userId\":1,\"username\":\"ugmurthy\",\"authMethod\":\"apiKey\",\"permissions\":[\"read:jobs\",\"write:jobs\"]}","timestamp":"2025-07-03 16:05:03"}
{"level":"info","message":"No options provided, using default options","timestamp":"2025-07-03 16:05:03"}
{"level":"info","message":"/submit: JOB SCHEDULED : 343/dataExport","timestamp":"2025-07-03 16:05:03"}
{"level":"info","message":"Job 343 progress: 50%","timestamp":"2025-07-03 16:05:04"}
{"level":"info","message":"WORKER: webhooks 8666/progress active for 1/343/dataExport","timestamp":"2025-07-03 16:05:04"}
{"level":"info","message":"sendWebhookNotification : Sending webhook notification for job 343","timestamp":"2025-07-03 16:05:04"}
{"level":"info","message":"No webhooks configured for user 1 and event progress","timestamp":"2025-07-03 16:05:04"}
{"level":"info","message":"WORKER : 8666 : progress : completed!","timestamp":"2025-07-03 16:05:04"}
{"level":"info","message":"Job 343 progress: 100%","timestamp":"2025-07-03 16:05:05"}
{"level":"info","message":"Job 343 completed with result: [object Object]","timestamp":"2025-07-03 16:05:05"}
{"level":"info","message":"WORKER: webhooks 8667/progress active for 1/343/dataExport","timestamp":"2025-07-03 16:05:05"}
{"level":"info","message":"sendWebhookNotification : Sending webhook notification for job 343","timestamp":"2025-07-03 16:05:05"}
{"level":"info","message":"No webhooks configured for user 1 and event progress","timestamp":"2025-07-03 16:05:05"}
{"level":"info","message":"WORKER : 8667 : progress : completed!","timestamp":"2025-07-03 16:05:05"}
{"level":"info","message":"WORKER: webhooks 8668/completed active for 1/343/dataExport","timestamp":"2025-07-03 16:05:05"}
{"level":"info","message":"sendWebhookNotification : Sending webhook notification for job 343","timestamp":"2025-07-03 16:05:05"}
{"level":"info","message":"Sending (completed) webhook to (http://localhost:4000/webhook) for job (343)","timestamp":"2025-07-03 16:05:05"}
{"level":"error","message":"Error 404: Not Found - /webhook","timestamp":"2025-07-03 16:05:05"}
{"level":"error","message":"Failed to send webhook to http://localhost:4000/webhook: HTTPError: Response code 404 (Not Found)","timestamp":"2025-07-03 16:05:05"}
{"level":"info","message":"WORKER : 8668 : completed : completed!","timestamp":"2025-07-03 16:05:05"}
{"level":"warn","message":"Job not found with ID: 338","timestamp":"2025-07-03 16:05:19"}
{"level":"info","message":"GET /jobs route hit","timestamp":"2025-07-03 16:05:27"}
{"level":"info","message":"GET /jobs route hit","timestamp":"2025-07-03 16:05:36"}
{"level":"info","message":"schedulerService : Scheduling job: (dataExport) for user (1)","timestamp":"2025-07-03 16:06:00"}
{"level":"info","message":"Job scheduled: 1-dataExport-1751583960000","timestamp":"2025-07-03 16:06:00"}
{"level":"info","message":"Processing scheduled job: repeat:1-dataExport-1751583960000:1751583960000 (dataExport)","timestamp":"2025-07-03 16:06:00"}
{"level":"info","message":"Scheduled job repeat:1-dataExport-1751583960000:1751583960000 added to jobQueue as job 344","timestamp":"2025-07-03 16:06:00"}
{"level":"info","message":"Scheduled job repeat:1-dataExport-1751583960000:1751583960000 completed with result: {\"success\":true,\"jobId\":\"344\"}","timestamp":"2025-07-03 16:06:00"}
{"level":"info","message":"Job 344 progress: 50%","timestamp":"2025-07-03 16:06:00"}
{"level":"info","message":"WORKER: webhooks 8669/progress active for 1/344/dataExport","timestamp":"2025-07-03 16:06:00"}
{"level":"info","message":"sendWebhookNotification : Sending webhook notification for job 344","timestamp":"2025-07-03 16:06:00"}
{"level":"info","message":"No webhooks configured for user 1 and event progress","timestamp":"2025-07-03 16:06:00"}
{"level":"info","message":"WORKER : 8669 : progress : completed!","timestamp":"2025-07-03 16:06:00"}
{"level":"info","message":"Job 344 progress: 100%","timestamp":"2025-07-03 16:06:01"}
{"level":"info","message":"Job 344 completed with result: [object Object]","timestamp":"2025-07-03 16:06:01"}
{"level":"info","message":"WORKER: webhooks 8670/progress active for 1/344/dataExport","timestamp":"2025-07-03 16:06:01"}
{"level":"info","message":"sendWebhookNotification : Sending webhook notification for job 344","timestamp":"2025-07-03 16:06:01"}
{"level":"info","message":"No webhooks configured for user 1 and event progress","timestamp":"2025-07-03 16:06:01"}
{"level":"info","message":"WORKER : 8670 : progress : completed!","timestamp":"2025-07-03 16:06:01"}
{"level":"info","message":"WORKER: webhooks 8671/completed active for 1/344/dataExport","timestamp":"2025-07-03 16:06:01"}
{"level":"info","message":"sendWebhookNotification : Sending webhook notification for job 344","timestamp":"2025-07-03 16:06:01"}
{"level":"info","message":"Sending (completed) webhook to (http://localhost:4000/webhook) for job (344)","timestamp":"2025-07-03 16:06:01"}
{"level":"error","message":"Error 404: Not Found - /webhook","timestamp":"2025-07-03 16:06:01"}
{"level":"error","message":"Failed to send webhook to http://localhost:4000/webhook: HTTPError: Response code 404 (Not Found)","timestamp":"2025-07-03 16:06:01"}
{"level":"info","message":"WORKER : 8671 : completed : completed!","timestamp":"2025-07-03 16:06:01"}
{"level":"info","message":"Processing scheduled job: repeat:1-dataExport-1751583960000:1751583966000 (dataExport)","timestamp":"2025-07-03 16:06:06"}
{"level":"info","message":"Scheduled job repeat:1-dataExport-1751583960000:1751583966000 added to jobQueue as job 345","timestamp":"2025-07-03 16:06:06"}
{"level":"info","message":"Scheduled job repeat:1-dataExport-1751583960000:1751583966000 completed with result: {\"success\":true,\"jobId\":\"345\"}","timestamp":"2025-07-03 16:06:06"}
{"level":"info","message":"Job 345 progress: 50%","timestamp":"2025-07-03 16:06:06"}
{"level":"info","message":"WORKER: webhooks 8672/progress active for 1/345/dataExport","timestamp":"2025-07-03 16:06:06"}
{"level":"info","message":"sendWebhookNotification : Sending webhook notification for job 345","timestamp":"2025-07-03 16:06:06"}
{"level":"info","message":"No webhooks configured for user 1 and event progress","timestamp":"2025-07-03 16:06:06"}
{"level":"info","message":"WORKER : 8672 : progress : completed!","timestamp":"2025-07-03 16:06:06"}
{"level":"info","message":"Job 345 progress: 100%","timestamp":"2025-07-03 16:06:07"}
{"level":"info","message":"Job 345 completed with result: [object Object]","timestamp":"2025-07-03 16:06:07"}
{"level":"info","message":"WORKER: webhooks 8673/progress active for 1/345/dataExport","timestamp":"2025-07-03 16:06:07"}
{"level":"info","message":"sendWebhookNotification : Sending webhook notification for job 345","timestamp":"2025-07-03 16:06:07"}
{"level":"info","message":"No webhooks configured for user 1 and event progress","timestamp":"2025-07-03 16:06:07"}
{"level":"info","message":"WORKER : 8673 : progress : completed!","timestamp":"2025-07-03 16:06:07"}
{"level":"info","message":"WORKER: webhooks 8674/completed active for 1/345/dataExport","timestamp":"2025-07-03 16:06:07"}
{"level":"info","message":"sendWebhookNotification : Sending webhook notification for job 345","timestamp":"2025-07-03 16:06:07"}
{"level":"info","message":"Sending (completed) webhook to (http://localhost:4000/webhook) for job (345)","timestamp":"2025-07-03 16:06:07"}
{"level":"error","message":"Error 404: Not Found - /webhook","timestamp":"2025-07-03 16:06:07"}
{"level":"error","message":"Failed to send webhook to http://localhost:4000/webhook: HTTPError: Response code 404 (Not Found)","timestamp":"2025-07-03 16:06:07"}
{"level":"info","message":"WORKER : 8674 : completed : completed!","timestamp":"2025-07-03 16:06:07"}
{"level":"info","message":"GET /jobs/schedule route hit","timestamp":"2025-07-03 16:06:07"}
{"level":"info","message":"Getting scheduled jobs for user 1","timestamp":"2025-07-03 16:06:07"}
{"level":"info","message":"Filtered 4 schedulers for user 1","timestamp":"2025-07-03 16:06:07"}
{"level":"info","message":"/jobs/schedule : Found 4 jobs scheduled for user 1","timestamp":"2025-07-03 16:06:07"}
{"level":"info","message":"Getting scheduled job 1-dataExport-1751583207957","timestamp":"2025-07-03 16:06:23"}
{"level":"warn","message":"Scheduled job 1-dataExport-1751583207957 not found","timestamp":"2025-07-03 16:06:23"}
{"level":"info","message":"Getting scheduled job 1-dataExport-1751583960000","timestamp":"2025-07-03 16:07:10"}
{"level":"info","message":"Removing scheduled job 1-dataExport-1751583960000","timestamp":"2025-07-03 16:07:21"}
{"level":"info","message":"Getting scheduled job 1-dataExport-1751583960000","timestamp":"2025-07-03 16:07:21"}
{"level":"info","message":"Scheduled job 1-dataExport-1751583960000 removed","timestamp":"2025-07-03 16:07:21"}
{"level":"warn","message":"Job not found with ID: 338","timestamp":"2025-07-03 16:09:40"}
{"level":"info","message":"GET /jobs route hit","timestamp":"2025-07-03 16:09:54"}
{"level":"info","message":"schedulerService : Scheduling job: (dataExport) for user (1)","timestamp":"2025-07-03 16:10:02"}
{"level":"info","message":"Job scheduled: 1-dataExport-1751584202458","timestamp":"2025-07-03 16:10:02"}
{"level":"info","message":"Processing scheduled job: repeat:1-dataExport-1751584202458:1751584200000 (dataExport)","timestamp":"2025-07-03 16:10:02"}
{"level":"info","message":"Scheduled job repeat:1-dataExport-1751584202458:1751584200000 added to jobQueue as job 346","timestamp":"2025-07-03 16:10:02"}
{"level":"info","message":"Scheduled job repeat:1-dataExport-1751584202458:1751584200000 completed with result: {\"success\":true,\"jobId\":\"346\"}","timestamp":"2025-07-03 16:10:02"}
{"level":"info","message":"Job 346 progress: 50%","timestamp":"2025-07-03 16:10:02"}
{"level":"info","message":"WORKER: webhooks 8675/progress active for 1/346/dataExport","timestamp":"2025-07-03 16:10:02"}
{"level":"info","message":"sendWebhookNotification : Sending webhook notification for job 346","timestamp":"2025-07-03 16:10:02"}
{"level":"info","message":"No webhooks configured for user 1 and event progress","timestamp":"2025-07-03 16:10:02"}
{"level":"info","message":"WORKER : 8675 : progress : completed!","timestamp":"2025-07-03 16:10:02"}
{"level":"info","message":"Job 346 progress: 100%","timestamp":"2025-07-03 16:10:03"}
{"level":"info","message":"Job 346 completed with result: [object Object]","timestamp":"2025-07-03 16:10:03"}
{"level":"info","message":"WORKER: webhooks 8676/progress active for 1/346/dataExport","timestamp":"2025-07-03 16:10:03"}
{"level":"info","message":"sendWebhookNotification : Sending webhook notification for job 346","timestamp":"2025-07-03 16:10:03"}
{"level":"info","message":"No webhooks configured for user 1 and event progress","timestamp":"2025-07-03 16:10:03"}
{"level":"info","message":"WORKER : 8676 : progress : completed!","timestamp":"2025-07-03 16:10:03"}
{"level":"info","message":"WORKER: webhooks 8677/completed active for 1/346/dataExport","timestamp":"2025-07-03 16:10:03"}
{"level":"info","message":"sendWebhookNotification : Sending webhook notification for job 346","timestamp":"2025-07-03 16:10:03"}
{"level":"info","message":"Sending (completed) webhook to (http://localhost:4000/webhook) for job (346)","timestamp":"2025-07-03 16:10:03"}
{"level":"error","message":"Error 404: Not Found - /webhook","timestamp":"2025-07-03 16:10:03"}
{"level":"error","message":"Failed to send webhook to http://localhost:4000/webhook: HTTPError: Response code 404 (Not Found)","timestamp":"2025-07-03 16:10:03"}
{"level":"info","message":"WORKER : 8677 : completed : completed!","timestamp":"2025-07-03 16:10:03"}
{"level":"info","message":"Processing scheduled job: repeat:1-dataExport-1751584202458:1751584206000 (dataExport)","timestamp":"2025-07-03 16:10:08"}
{"level":"info","message":"Scheduled job repeat:1-dataExport-1751584202458:1751584206000 added to jobQueue as job 347","timestamp":"2025-07-03 16:10:08"}
{"level":"info","message":"Scheduled job repeat:1-dataExport-1751584202458:1751584206000 completed with result: {\"success\":true,\"jobId\":\"347\"}","timestamp":"2025-07-03 16:10:08"}
{"level":"info","message":"Job 347 progress: 50%","timestamp":"2025-07-03 16:10:08"}
{"level":"info","message":"WORKER: webhooks 8678/progress active for 1/347/dataExport","timestamp":"2025-07-03 16:10:08"}
{"level":"info","message":"sendWebhookNotification : Sending webhook notification for job 347","timestamp":"2025-07-03 16:10:08"}
{"level":"info","message":"No webhooks configured for user 1 and event progress","timestamp":"2025-07-03 16:10:08"}
{"level":"info","message":"WORKER : 8678 : progress : completed!","timestamp":"2025-07-03 16:10:08"}
{"level":"info","message":"Job 347 progress: 100%","timestamp":"2025-07-03 16:10:09"}
{"level":"info","message":"Job 347 completed with result: [object Object]","timestamp":"2025-07-03 16:10:09"}
{"level":"info","message":"WORKER: webhooks 8679/progress active for 1/347/dataExport","timestamp":"2025-07-03 16:10:09"}
{"level":"info","message":"sendWebhookNotification : Sending webhook notification for job 347","timestamp":"2025-07-03 16:10:09"}
{"level":"info","message":"No webhooks configured for user 1 and event progress","timestamp":"2025-07-03 16:10:09"}
{"level":"info","message":"WORKER : 8679 : progress : completed!","timestamp":"2025-07-03 16:10:09"}
{"level":"info","message":"WORKER: webhooks 8680/completed active for 1/347/dataExport","timestamp":"2025-07-03 16:10:09"}
{"level":"info","message":"sendWebhookNotification : Sending webhook notification for job 347","timestamp":"2025-07-03 16:10:09"}
{"level":"info","message":"Sending (completed) webhook to (http://localhost:4000/webhook) for job (347)","timestamp":"2025-07-03 16:10:09"}
{"level":"error","message":"Error 404: Not Found - /webhook","timestamp":"2025-07-03 16:10:09"}
{"level":"error","message":"Failed to send webhook to http://localhost:4000/webhook: HTTPError: Response code 404 (Not Found)","timestamp":"2025-07-03 16:10:09"}
{"level":"info","message":"WORKER : 8680 : completed : completed!","timestamp":"2025-07-03 16:10:09"}
{"level":"info","message":"GET /jobs/schedule route hit","timestamp":"2025-07-03 16:10:10"}
{"level":"info","message":"Getting scheduled jobs for user 1","timestamp":"2025-07-03 16:10:10"}
{"level":"info","message":"Filtered 4 schedulers for user 1","timestamp":"2025-07-03 16:10:10"}
{"level":"info","message":"/jobs/schedule : Found 4 jobs scheduled for user 1","timestamp":"2025-07-03 16:10:10"}
{"level":"info","message":"Getting scheduled job 1-dataExport-1751583960000","timestamp":"2025-07-03 16:10:17"}
{"level":"warn","message":"Scheduled job 1-dataExport-1751583960000 not found","timestamp":"2025-07-03 16:10:17"}
{"level":"info","message":"Getting scheduled job 1-dataExport-1751584202458","timestamp":"2025-07-03 16:10:44"}
{"level":"info","message":"Removing scheduled job 1-dataExport-1751584202458","timestamp":"2025-07-03 16:10:52"}
{"level":"info","message":"Getting scheduled job 1-dataExport-1751584202458","timestamp":"2025-07-03 16:10:52"}
{"level":"info","message":"Scheduled job 1-dataExport-1751584202458 removed","timestamp":"2025-07-03 16:10:52"}
{"level":"info","message":"SIGINT received, shutting down gracefully","timestamp":"2025-07-03 16:11:17"}
