{"level":"error","message":"Error 404: Not Found - /favicon.ico","timestamp":"2025-07-09 13:09:26"}
{"level":"error","message":"Error 404: Not Found - /webhook","timestamp":"2025-07-09 13:18:01"}
{"level":"error","message":"Failed to send webhook to http://localhost:4000/webhook: HTTPError: Response code 404 (Not Found)","timestamp":"2025-07-09 13:18:01"}
{"level":"error","message":"Error 404: Not Found - /webhook","timestamp":"2025-07-09 13:18:01"}
{"level":"error","message":"Failed to send webhook to http://localhost:4000/webhook: HTTPError: Response code 404 (Not Found)","timestamp":"2025-07-09 13:18:01"}
{"level":"error","message":"Error 404: Not Found - /webhook","timestamp":"2025-07-09 13:18:01"}
{"level":"error","message":"Failed to send webhook to http://localhost:4000/webhook: HTTPError: Response code 404 (Not Found)","timestamp":"2025-07-09 13:18:01"}
{"level":"error","message":"Error 404: Not Found - /webhook","timestamp":"2025-07-09 13:18:11"}
{"level":"error","message":"Failed to send webhook to http://localhost:4000/webhook: HTTPError: Response code 404 (Not Found)","timestamp":"2025-07-09 13:18:11"}
{"level":"error","message":"Error 404: Not Found - /webhook","timestamp":"2025-07-09 13:26:46"}
{"level":"error","message":"Failed to send webhook to http://localhost:4000/webhook: HTTPError: Response code 404 (Not Found)","timestamp":"2025-07-09 13:26:46"}
{"level":"error","message":"Error 404: Not Found - /webhook","timestamp":"2025-07-09 13:28:01"}
{"level":"error","message":"Failed to send webhook to http://localhost:4000/webhook: HTTPError: Response code 404 (Not Found)","timestamp":"2025-07-09 13:28:01"}
{"level":"error","message":"Error 404: Not Found - /webhook","timestamp":"2025-07-09 13:31:57"}
{"level":"error","message":"Failed to send webhook to http://localhost:4000/webhook: HTTPError: Response code 404 (Not Found)","timestamp":"2025-07-09 13:31:57"}
{"level":"error","message":"Error 404: Not Found - /webhook","timestamp":"2025-07-09 13:58:12"}
{"level":"error","message":"Failed to send webhook to http://localhost:4000/webhook: HTTPError: Response code 404 (Not Found)","timestamp":"2025-07-09 13:58:12"}
{"level":"error","message":"Error 404: Not Found - /webhook","timestamp":"2025-07-09 13:58:31"}
{"level":"error","message":"Failed to send webhook to http://localhost:4000/webhook: HTTPError: Response code 404 (Not Found)","timestamp":"2025-07-09 13:58:31"}
{"level":"error","message":"Error 404: Not Found - /webhook","timestamp":"2025-07-09 13:58:31"}
{"level":"error","message":"Failed to send webhook to http://localhost:4000/webhook: HTTPError: Response code 404 (Not Found)","timestamp":"2025-07-09 13:58:31"}
{"level":"error","message":"Error 404: Not Found - /webhook","timestamp":"2025-07-09 14:00:26"}
{"level":"error","message":"Failed to send webhook to http://localhost:4000/webhook: HTTPError: Response code 404 (Not Found)","timestamp":"2025-07-09 14:00:26"}
{"level":"error","message":"Error 404: Not Found - /webhook","timestamp":"2025-07-09 14:03:00"}
{"level":"error","message":"Failed to send webhook to http://localhost:4000/webhook: HTTPError: Response code 404 (Not Found)","timestamp":"2025-07-09 14:03:00"}
{"level":"error","message":"Error 404: Not Found - /webhook","timestamp":"2025-07-09 14:03:05"}
{"level":"error","message":"Failed to send webhook to http://localhost:4000/webhook: HTTPError: Response code 404 (Not Found)","timestamp":"2025-07-09 14:03:05"}
{"level":"error","message":"Error 404: Not Found - /webhook","timestamp":"2025-07-09 14:03:25"}
{"level":"error","message":"Failed to send webhook to http://localhost:4000/webhook: HTTPError: Response code 404 (Not Found)","timestamp":"2025-07-09 14:03:25"}
{"level":"error","message":"Error 500: ERR Lua redis lib command arguments must be strings or integers script: 5d72599ecf6223f7a774b2871f2468ac5892c694, on @user_script:320.","timestamp":"2025-07-09 14:04:47"}
{"level":"error","message":"ReplyError: ERR Lua redis lib command arguments must be strings or integers script: 5d72599ecf6223f7a774b2871f2468ac5892c694, on @user_script:320.\n    at parseError (/Users/ugmurthy/jobs/node_modules/.pnpm/redis-parser@3.0.0/node_modules/redis-parser/lib/parser.js:179:12)\n    at parseType (/Users/ugmurthy/jobs/node_modules/.pnpm/redis-parser@3.0.0/node_modules/redis-parser/lib/parser.js:302:14)","timestamp":"2025-07-09 14:04:47"}
{"level":"error","message":"Error 404: Not Found - /webhook","timestamp":"2025-07-09 14:31:37"}
{"level":"error","message":"Failed to send webhook to http://localhost:4000/webhook: HTTPError: Response code 404 (Not Found)","timestamp":"2025-07-09 14:31:37"}
{"level":"error","message":"Error 404: Not Found - /webhook","timestamp":"2025-07-09 14:31:37"}
{"level":"error","message":"Failed to send webhook to http://localhost:4000/webhook: HTTPError: Response code 404 (Not Found)","timestamp":"2025-07-09 14:31:37"}
{"level":"error","message":"Error 404: Not Found - /webhook","timestamp":"2025-07-09 14:31:37"}
{"level":"error","message":"Failed to send webhook to http://localhost:4000/webhook: HTTPError: Response code 404 (Not Found)","timestamp":"2025-07-09 14:31:37"}
{"level":"error","message":"Error 404: Not Found - /webhook","timestamp":"2025-07-09 14:31:37"}
{"level":"error","message":"Failed to send webhook to http://localhost:4000/webhook: HTTPError: Response code 404 (Not Found)","timestamp":"2025-07-09 14:31:37"}
{"level":"error","message":"Error 404: Not Found - /webhook","timestamp":"2025-07-09 14:31:37"}
{"level":"error","message":"Failed to send webhook to http://localhost:4000/webhook: HTTPError: Response code 404 (Not Found)","timestamp":"2025-07-09 14:31:37"}
{"level":"error","message":"Error 404: Not Found - /webhook","timestamp":"2025-07-09 14:31:37"}
{"level":"error","message":"Failed to send webhook to http://localhost:4000/webhook: HTTPError: Response code 404 (Not Found)","timestamp":"2025-07-09 14:31:37"}
{"level":"error","message":"Error 404: Not Found - /webhook","timestamp":"2025-07-09 14:31:37"}
{"level":"error","message":"Failed to send webhook to http://localhost:4000/webhook: HTTPError: Response code 404 (Not Found)","timestamp":"2025-07-09 14:31:37"}
{"level":"error","message":"Error 404: Not Found - /webhook","timestamp":"2025-07-09 14:34:56"}
{"level":"error","message":"Failed to send webhook to http://localhost:4000/webhook: HTTPError: Response code 404 (Not Found)","timestamp":"2025-07-09 14:34:56"}
{"level":"error","message":"Error 404: Not Found - /webhook","timestamp":"2025-07-09 14:35:57"}
{"level":"error","message":"Failed to send webhook to http://localhost:4000/webhook: HTTPError: Response code 404 (Not Found)","timestamp":"2025-07-09 14:35:57"}
{"level":"error","message":"Error 404: Not Found - /webhook","timestamp":"2025-07-09 14:36:57"}
{"level":"error","message":"Failed to send webhook to http://localhost:4000/webhook: HTTPError: Response code 404 (Not Found)","timestamp":"2025-07-09 14:36:57"}
{"level":"error","message":"Error 404: Not Found - /webhook","timestamp":"2025-07-09 14:51:32"}
{"level":"error","message":"Failed to send webhook to http://localhost:4000/webhook: HTTPError: Response code 404 (Not Found)","timestamp":"2025-07-09 14:51:32"}
{"level":"error","message":"Error 404: Not Found - /webhook","timestamp":"2025-07-09 14:52:32"}
{"level":"error","message":"Failed to send webhook to http://localhost:4000/webhook: HTTPError: Response code 404 (Not Found)","timestamp":"2025-07-09 14:52:32"}
{"level":"error","message":"Error 404: Not Found - /webhook","timestamp":"2025-07-09 14:53:32"}
{"level":"error","message":"Failed to send webhook to http://localhost:4000/webhook: HTTPError: Response code 404 (Not Found)","timestamp":"2025-07-09 14:53:32"}
{"level":"error","message":"Error 404: Not Found - /webhook","timestamp":"2025-07-09 14:54:32"}
{"level":"error","message":"Failed to send webhook to http://localhost:4000/webhook: HTTPError: Response code 404 (Not Found)","timestamp":"2025-07-09 14:54:32"}
{"level":"error","message":"Error 404: Not Found - /webhook","timestamp":"2025-07-09 14:55:32"}
{"level":"error","message":"Failed to send webhook to http://localhost:4000/webhook: HTTPError: Response code 404 (Not Found)","timestamp":"2025-07-09 14:55:32"}
{"level":"error","message":"Error 404: Not Found - /webhook","timestamp":"2025-07-09 14:56:32"}
{"level":"error","message":"Failed to send webhook to http://localhost:4000/webhook: HTTPError: Response code 404 (Not Found)","timestamp":"2025-07-09 14:56:32"}
{"level":"error","message":"Error 404: Not Found - /webhook","timestamp":"2025-07-09 14:57:32"}
{"level":"error","message":"Failed to send webhook to http://localhost:4000/webhook: HTTPError: Response code 404 (Not Found)","timestamp":"2025-07-09 14:57:32"}
{"level":"error","message":"Error 400: Expected double-quoted property name in JSON at position 166 (line 11 column 3)","timestamp":"2025-07-09 15:20:33"}
{"level":"error","message":"Error 400: Expected ',' or '}' after property value in JSON at position 164 (line 12 column 5)","timestamp":"2025-07-09 15:55:24"}
{"level":"error","message":"Error 404: Not Found - /webhook","timestamp":"2025-07-09 16:00:10"}
{"level":"error","message":"Failed to send webhook to http://localhost:4000/webhook: HTTPError: Response code 404 (Not Found)","timestamp":"2025-07-09 16:00:10"}
